<?xml version="1.0" encoding="utf-8"?><testsuites name="pytest tests"><testsuite name="pytest" errors="0" failures="0" skipped="0" tests="12" time="3.175" timestamp="2026-05-20T07:30:02.263017+00:00" hostname="agent-env-691572d3-08be-47be-ba5d-13bf86192b28"><testcase classname="backend.tests.test_backend.TestUsers" name="test_list_users_count" time="0.280" /><testcase classname="backend.tests.test_backend.TestUsers" name="test_roles_distribution" time="0.000" /><testcase classname="backend.tests.test_backend.TestUsers" name="test_patch_admin_single_admin" time="0.272" /><testcase classname="backend.tests.test_backend.TestShiftGeneration" name="test_generate_july_2026" time="0.080" /><testcase classname="backend.tests.test_backend.TestShiftGeneration" name="test_shifts_per_day_count" time="0.066" /><testcase classname="backend.tests.test_backend.TestShiftGeneration" name="test_shift_composition_per_day" time="0.062" /><testcase classname="backend.tests.test_backend.TestShiftGeneration" name="test_smontante_riposo_after_notte" time="0.108" /><testcase classname="backend.tests.test_backend.TestLeaves" name="test_create_leave_notifies_same_role_only" time="0.988" /><testcase classname="backend.tests.test_backend.TestLeaves" name="test_approve_leave_notifies_only_requester" time="0.833" /><testcase classname="backend.tests.test_backend.TestSwaps" name="test_swap_create_and_accept" time="0.260" /><testcase classname="backend.tests.test_backend.TestStatsExport" name="test_stats" time="0.068" /><testcase classname="backend.tests.test_backend.TestStatsExport" name="test_export_csv" time="0.064" /></testsuite></testsuites>